<?xml version="1.0" encoding="UTF-8"?>
<testng-results skipped="0" failed="0" ignored="0" total="1" passed="1">
  <reporter-output>
  </reporter-output>
  <suite name="Default suite" duration-ms="941" started-at="2019-07-16T06:55:09Z" finished-at="2019-07-16T06:55:10Z">
    <groups>
    </groups>
    <test name="Default test" duration-ms="941" started-at="2019-07-16T06:55:09Z" finished-at="2019-07-16T06:55:10Z">
      <class name="exceldata.exceldata">
        <test-method status="PASS" signature="data()[pri:0, instance:exceldata.exceldata@51081592]" name="data" duration-ms="898" started-at="2019-07-16T06:55:09Z" finished-at="2019-07-16T06:55:10Z">
          <reporter-output>
          </reporter-output>
        </test-method> <!-- data -->
      </class> <!-- exceldata.exceldata -->
    </test> <!-- Default test -->
  </suite> <!-- Default suite -->
</testng-results>
